<?xml version="1.0" encoding="UTF-8"?>
<!-- Generated by org.testng.reporters.JUnitReportReporter -->
<testsuite skipped="0" hostname="Jagannath-2.local" name="com.automation.simplilearn.api.DemoGetTest" tests="1" failures="0" timestamp="27 Dec 2019 06:28:57 GMT" time="4.098" errors="0">
  <testcase name="getWeatherDetails" time="4.098" classname="com.automation.simplilearn.api.DemoGetTest"/>
</testsuite> <!-- com.automation.simplilearn.api.DemoGetTest -->
